2017-11-12 16:44:37.781 [main] INFO  by.makedon.epam3.reader.ReaderOfFile - in/in.txt has found
2017-11-12 16:44:37.784 [main] INFO  by.makedon.epam3.reader.ReaderOfFile - in/in.txt has found
2017-11-12 16:44:37.789 [main] INFO  by.makedon.epam3.reader.ReaderOfFile - 0.0 0.0 0.0 2.0 3.0 0.0 has read correct
2017-11-12 16:44:37.789 [main] INFO  by.makedon.epam3.reader.ReaderOfFile - -1.0 0.0 2.0 3.0 1.0 4.0 has read correct
2017-11-12 16:44:37.790 [main] ERROR by.makedon.epam3.reader.ReaderOfFile - 2.z1 3.10 2.20 3.11 4.44 5.0 hasn't read: wrong parameters
2017-11-12 16:44:37.790 [main] INFO  by.makedon.epam3.reader.ReaderOfFile - 1.0 0.0 1.0 4.0 10.0 0.0 has read correct
2017-11-12 16:44:37.791 [main] ERROR by.makedon.epam3.reader.ReaderOfFile - (1.0;1.0) (2.0;2.0) (3.0;3.0) don't compose triangle
2017-11-12 16:44:37.791 [main] INFO  by.makedon.epam3.reader.ReaderOfFile - 1.0 1.0 2.0 2.0 5.0 1.5 has read correct
2017-11-12 16:44:37.791 [main] ERROR by.makedon.epam3.reader.ReaderOfFile - 0.0 0.0 hasn't read: wrong parameters
2017-11-12 16:44:37.792 [main] ERROR by.makedon.epam3.reader.ReaderOfFile - (1.0;1.0) (1.0;1.0) (1.0;1.0) don't compose triangle
2017-11-12 16:44:37.792 [main] INFO  by.makedon.epam3.reader.ReaderOfFile - 2.0 3.0 3.0 2.0 4.0 5.0 has read correct
2017-11-12 16:44:37.792 [main] ERROR by.makedon.epam3.reader.ReaderOfFile - qwerty qwerty qwerty hasn't read: wrong parameters
2017-11-12 16:44:37.793 [main] ERROR by.makedon.epam3.reader.ReaderOfFile - 5 5 2 2 3 3 hasn't read: wrong parameters
2017-11-12 16:44:37.793 [main] ERROR by.makedon.epam3.reader.ReaderOfFile - (0.0;0.0) (1.1;1.1) (2.2;2.2) don't compose triangle
2017-11-12 16:44:37.799 [main] INFO  by.makedon.epam3.entity.Triangle - (-20.0;0.0) (0.0;20.0) (5.0;0.0) create successfully
2017-11-12 16:44:37.800 [main] INFO  by.makedon.epam3.entity.Triangle - (0.0;0.0) (0.0;20.0) (5.0;0.0) create successfully
2017-11-12 16:44:37.801 [main] INFO  by.makedon.epam3.entity.Triangle - (-100.0;20.0) (1000.0;10.0) (20.0;0.0) create successfully
2017-11-12 16:44:37.801 [main] INFO  by.makedon.epam3.action.TriangleAction - triangle (-100.0;20.0) (1000.0;10.0) (20.0;0.0) has area 10399.999999999343
2017-11-12 16:44:37.802 [main] INFO  by.makedon.epam3.entity.Triangle - (0.0;0.0) (0.0;10.0) (20.0;0.0) create successfully
2017-11-12 16:44:37.802 [main] INFO  by.makedon.epam3.action.TriangleAction - triangle (0.0;0.0) (0.0;10.0) (20.0;0.0) has area 100.0
2017-11-12 16:44:37.803 [main] INFO  by.makedon.epam3.entity.Triangle - (10.0;10.0) (1.0;5.0) (1.0;0.0) create successfully
2017-11-12 16:44:37.803 [main] INFO  by.makedon.epam3.action.TriangleAction - triangle (10.0;10.0) (1.0;5.0) (1.0;0.0) has perimeter 28.74925418806071
2017-11-12 16:44:37.804 [main] INFO  by.makedon.epam3.entity.Triangle - (10.0;10.0) (1.0;5.0) (1.0;0.0) create successfully
2017-11-12 16:44:37.804 [main] INFO  by.makedon.epam3.action.TriangleAction - triangle (10.0;10.0) (1.0;5.0) (1.0;0.0) has perimeter 28.74925418806071
2017-11-12 16:44:46.210 [main] ERROR by.makedon.epam3.main.Main - by.makedon.epam3.exception.IncorrectFileException: in.txt hasn't found
2017-11-12 16:44:58.596 [main] INFO  by.makedon.epam3.reader.ReaderOfFile - in/in.txt has found
2017-11-12 16:44:58.604 [main] INFO  by.makedon.epam3.reader.ReaderOfFile - 0.0 0.0 0.0 2.0 3.0 0.0 has read correct
2017-11-12 16:44:58.605 [main] INFO  by.makedon.epam3.reader.ReaderOfFile - -1.0 0.0 2.0 3.0 1.0 4.0 has read correct
2017-11-12 16:44:58.605 [main] ERROR by.makedon.epam3.reader.ReaderOfFile - 2.z1 3.10 2.20 3.11 4.44 5.0 hasn't read: wrong parameters
2017-11-12 16:44:58.605 [main] INFO  by.makedon.epam3.reader.ReaderOfFile - 1.0 0.0 1.0 4.0 10.0 0.0 has read correct
2017-11-12 16:44:58.606 [main] ERROR by.makedon.epam3.reader.ReaderOfFile - (1.0;1.0) (2.0;2.0) (3.0;3.0) don't compose triangle
2017-11-12 16:44:58.606 [main] INFO  by.makedon.epam3.reader.ReaderOfFile - 1.0 1.0 2.0 2.0 5.0 1.5 has read correct
2017-11-12 16:44:58.606 [main] ERROR by.makedon.epam3.reader.ReaderOfFile - 0.0 0.0 hasn't read: wrong parameters
2017-11-12 16:44:58.606 [main] ERROR by.makedon.epam3.reader.ReaderOfFile - (1.0;1.0) (1.0;1.0) (1.0;1.0) don't compose triangle
2017-11-12 16:44:58.606 [main] INFO  by.makedon.epam3.reader.ReaderOfFile - 2.0 3.0 3.0 2.0 4.0 5.0 has read correct
2017-11-12 16:44:58.607 [main] ERROR by.makedon.epam3.reader.ReaderOfFile - qwerty qwerty qwerty hasn't read: wrong parameters
2017-11-12 16:44:58.607 [main] ERROR by.makedon.epam3.reader.ReaderOfFile - 5 5 2 2 3 3 hasn't read: wrong parameters
2017-11-12 16:44:58.607 [main] ERROR by.makedon.epam3.reader.ReaderOfFile - (0.0;0.0) (1.1;1.1) (2.2;2.2) don't compose triangle
2017-11-12 16:45:21.362 [main] INFO  by.makedon.epam3.reader.ReaderOfFile - in/in.txt has found
2017-11-12 16:45:21.370 [main] INFO  by.makedon.epam3.reader.ReaderOfFile - 0.0 0.0 0.0 2.0 3.0 0.0 has read correct
2017-11-12 16:45:21.371 [main] INFO  by.makedon.epam3.reader.ReaderOfFile - -1.0 0.0 2.0 3.0 1.0 4.0 has read correct
2017-11-12 16:45:21.371 [main] ERROR by.makedon.epam3.reader.ReaderOfFile - 2.z1 3.10 2.20 3.11 4.44 5.0 hasn't read: wrong parameters
2017-11-12 16:45:21.371 [main] INFO  by.makedon.epam3.reader.ReaderOfFile - 1.0 0.0 1.0 4.0 10.0 0.0 has read correct
2017-11-12 16:45:21.372 [main] ERROR by.makedon.epam3.reader.ReaderOfFile - (1.0;1.0) (2.0;2.0) (3.0;3.0) don't compose triangle
2017-11-12 16:45:21.372 [main] INFO  by.makedon.epam3.reader.ReaderOfFile - 1.0 1.0 2.0 2.0 5.0 1.5 has read correct
2017-11-12 16:45:21.372 [main] ERROR by.makedon.epam3.reader.ReaderOfFile - 0.0 0.0 hasn't read: wrong parameters
2017-11-12 16:45:21.372 [main] ERROR by.makedon.epam3.reader.ReaderOfFile - (1.0;1.0) (1.0;1.0) (1.0;1.0) don't compose triangle
2017-11-12 16:45:21.373 [main] INFO  by.makedon.epam3.reader.ReaderOfFile - 2.0 3.0 3.0 2.0 4.0 5.0 has read correct
2017-11-12 16:45:21.373 [main] ERROR by.makedon.epam3.reader.ReaderOfFile - qwerty qwerty qwerty hasn't read: wrong parameters
2017-11-12 16:45:21.373 [main] ERROR by.makedon.epam3.reader.ReaderOfFile - 5 5 2 2 3 3 hasn't read: wrong parameters
2017-11-12 16:45:21.373 [main] ERROR by.makedon.epam3.reader.ReaderOfFile - (0.0;0.0) (1.1;1.1) (2.2;2.2) don't compose triangle
2017-11-12 16:46:19.442 [main] INFO  by.makedon.epam3.reader.ReaderOfFile - in/in.txt has found
2017-11-12 16:46:19.449 [main] INFO  by.makedon.epam3.reader.ReaderOfFile - 0.0 0.0 0.0 2.0 3.0 0.0 has read correct
2017-11-12 16:46:19.449 [main] INFO  by.makedon.epam3.reader.ReaderOfFile - -1.0 0.0 2.0 3.0 1.0 4.0 has read correct
2017-11-12 16:46:19.449 [main] ERROR by.makedon.epam3.reader.ReaderOfFile - 2.z1 3.10 2.20 3.11 4.44 5.0 hasn't read: wrong parameters
2017-11-12 16:46:19.450 [main] INFO  by.makedon.epam3.reader.ReaderOfFile - 1.0 0.0 1.0 4.0 10.0 0.0 has read correct
2017-11-12 16:46:19.450 [main] ERROR by.makedon.epam3.reader.ReaderOfFile - (1.0;1.0) (2.0;2.0) (3.0;3.0) don't compose triangle
2017-11-12 16:46:19.450 [main] INFO  by.makedon.epam3.reader.ReaderOfFile - 1.0 1.0 2.0 2.0 5.0 1.5 has read correct
2017-11-12 16:46:19.451 [main] ERROR by.makedon.epam3.reader.ReaderOfFile - 0.0 0.0 hasn't read: wrong parameters
2017-11-12 16:46:19.451 [main] ERROR by.makedon.epam3.reader.ReaderOfFile - (1.0;1.0) (1.0;1.0) (1.0;1.0) don't compose triangle
2017-11-12 16:46:19.451 [main] INFO  by.makedon.epam3.reader.ReaderOfFile - 2.0 3.0 3.0 2.0 4.0 5.0 has read correct
2017-11-12 16:46:19.451 [main] ERROR by.makedon.epam3.reader.ReaderOfFile - qwerty qwerty qwerty hasn't read: wrong parameters
2017-11-12 16:46:19.452 [main] ERROR by.makedon.epam3.reader.ReaderOfFile - 5 5 2 2 3 3 hasn't read: wrong parameters
2017-11-12 16:46:19.452 [main] ERROR by.makedon.epam3.reader.ReaderOfFile - (0.0;0.0) (1.1;1.1) (2.2;2.2) don't compose triangle
2017-11-12 16:46:28.691 [main] INFO  by.makedon.epam3.reader.ReaderOfFile - in/in.txt has found
2017-11-12 16:46:28.699 [main] INFO  by.makedon.epam3.reader.ReaderOfFile - 0.0 0.0 0.0 2.0 3.0 0.0 has read correct
2017-11-12 16:46:28.699 [main] INFO  by.makedon.epam3.reader.ReaderOfFile - -1.0 0.0 2.0 3.0 1.0 4.0 has read correct
2017-11-12 16:46:28.699 [main] ERROR by.makedon.epam3.reader.ReaderOfFile - 2.z1 3.10 2.20 3.11 4.44 5.0 hasn't read: wrong parameters
2017-11-12 16:46:28.699 [main] INFO  by.makedon.epam3.reader.ReaderOfFile - 1.0 0.0 1.0 4.0 10.0 0.0 has read correct
2017-11-12 16:46:28.700 [main] ERROR by.makedon.epam3.reader.ReaderOfFile - (1.0;1.0) (2.0;2.0) (3.0;3.0) don't compose triangle
2017-11-12 16:46:28.700 [main] INFO  by.makedon.epam3.reader.ReaderOfFile - 1.0 1.0 2.0 2.0 5.0 1.5 has read correct
2017-11-12 16:46:28.700 [main] ERROR by.makedon.epam3.reader.ReaderOfFile - 0.0 0.0 hasn't read: wrong parameters
2017-11-12 16:46:28.701 [main] ERROR by.makedon.epam3.reader.ReaderOfFile - (1.0;1.0) (1.0;1.0) (1.0;1.0) don't compose triangle
2017-11-12 16:46:28.701 [main] INFO  by.makedon.epam3.reader.ReaderOfFile - 2.0 3.0 3.0 2.0 4.0 5.0 has read correct
2017-11-12 16:46:28.701 [main] ERROR by.makedon.epam3.reader.ReaderOfFile - qwerty qwerty qwerty hasn't read: wrong parameters
2017-11-12 16:46:28.701 [main] ERROR by.makedon.epam3.reader.ReaderOfFile - 5 5 2 2 3 3 hasn't read: wrong parameters
2017-11-12 16:46:28.702 [main] ERROR by.makedon.epam3.reader.ReaderOfFile - (0.0;0.0) (1.1;1.1) (2.2;2.2) don't compose triangle
2017-11-12 17:25:40.636 [main] INFO  by.makedon.epam3.reader.ReaderOfFile - in/in.txt has found
2017-11-12 17:25:40.644 [main] INFO  by.makedon.epam3.reader.ReaderOfFile - 0.0 0.0 0.0 2.0 3.0 0.0 has read correct
2017-11-12 17:25:40.645 [main] INFO  by.makedon.epam3.reader.ReaderOfFile - -1.0 0.0 2.0 3.0 1.0 4.0 has read correct
2017-11-12 17:25:40.645 [main] ERROR by.makedon.epam3.reader.ReaderOfFile - 2.z1 3.10 2.20 3.11 4.44 5.0 hasn't read: wrong parameters
2017-11-12 17:25:40.646 [main] INFO  by.makedon.epam3.reader.ReaderOfFile - 1.0 0.0 1.0 4.0 10.0 0.0 has read correct
2017-11-12 17:25:40.646 [main] ERROR by.makedon.epam3.reader.ReaderOfFile - (1.0;1.0) (2.0;2.0) (3.0;3.0) don't compose triangle
2017-11-12 17:25:40.646 [main] INFO  by.makedon.epam3.reader.ReaderOfFile - 1.0 1.0 2.0 2.0 5.0 1.5 has read correct
2017-11-12 17:25:40.647 [main] ERROR by.makedon.epam3.reader.ReaderOfFile - 0.0 0.0 hasn't read: wrong parameters
2017-11-12 17:25:40.647 [main] ERROR by.makedon.epam3.reader.ReaderOfFile - (1.0;1.0) (1.0;1.0) (1.0;1.0) don't compose triangle
2017-11-12 17:25:40.648 [main] INFO  by.makedon.epam3.reader.ReaderOfFile - 2.0 3.0 3.0 2.0 4.0 5.0 has read correct
2017-11-12 17:25:40.648 [main] ERROR by.makedon.epam3.reader.ReaderOfFile - qwerty qwerty qwerty hasn't read: wrong parameters
2017-11-12 17:25:40.648 [main] ERROR by.makedon.epam3.reader.ReaderOfFile - 5 5 2 2 3 3 hasn't read: wrong parameters
2017-11-12 17:25:40.649 [main] ERROR by.makedon.epam3.reader.ReaderOfFile - (0.0;0.0) (1.1;1.1) (2.2;2.2) don't compose triangle
2017-11-12 17:25:40.650 [main] INFO  by.makedon.epam3.entity.Triangle - (0.0;0.0) (0.0;2.0) (3.0;0.0) create successfully
2017-11-12 17:26:04.521 [main] INFO  by.makedon.epam3.reader.ReaderOfFile - in/in.txt has found
2017-11-12 17:26:04.531 [main] INFO  by.makedon.epam3.reader.ReaderOfFile - 0.0 0.0 0.0 2.0 3.0 0.0 has read correct
2017-11-12 17:26:04.531 [main] INFO  by.makedon.epam3.reader.ReaderOfFile - -1.0 0.0 2.0 3.0 1.0 4.0 has read correct
2017-11-12 17:26:04.532 [main] ERROR by.makedon.epam3.reader.ReaderOfFile - 2.z1 3.10 2.20 3.11 4.44 5.0 hasn't read: wrong parameters
2017-11-12 17:26:04.532 [main] INFO  by.makedon.epam3.reader.ReaderOfFile - 1.0 0.0 1.0 4.0 10.0 0.0 has read correct
2017-11-12 17:26:04.532 [main] ERROR by.makedon.epam3.reader.ReaderOfFile - (1.0;1.0) (2.0;2.0) (3.0;3.0) don't compose triangle
2017-11-12 17:26:04.533 [main] INFO  by.makedon.epam3.reader.ReaderOfFile - 1.0 1.0 2.0 2.0 5.0 1.5 has read correct
2017-11-12 17:26:04.533 [main] ERROR by.makedon.epam3.reader.ReaderOfFile - 0.0 0.0 hasn't read: wrong parameters
2017-11-12 17:26:04.533 [main] ERROR by.makedon.epam3.reader.ReaderOfFile - (1.0;1.0) (1.0;1.0) (1.0;1.0) don't compose triangle
2017-11-12 17:26:04.533 [main] INFO  by.makedon.epam3.reader.ReaderOfFile - 2.0 3.0 3.0 2.0 4.0 5.0 has read correct
2017-11-12 17:26:04.533 [main] ERROR by.makedon.epam3.reader.ReaderOfFile - qwerty qwerty qwerty hasn't read: wrong parameters
2017-11-12 17:26:04.534 [main] ERROR by.makedon.epam3.reader.ReaderOfFile - 5 5 2 2 3 3 hasn't read: wrong parameters
2017-11-12 17:26:04.534 [main] ERROR by.makedon.epam3.reader.ReaderOfFile - (0.0;0.0) (1.1;1.1) (2.2;2.2) don't compose triangle
2017-11-12 17:26:04.535 [main] INFO  by.makedon.epam3.entity.Triangle - (0.0;0.0) (0.0;2.0) (3.0;0.0) create successfully
2017-11-12 17:26:04.535 [main] INFO  by.makedon.epam3.entity.Triangle - (-1.0;0.0) (2.0;3.0) (1.0;4.0) create successfully
2017-11-12 17:26:04.535 [main] INFO  by.makedon.epam3.entity.Triangle - (1.0;0.0) (1.0;4.0) (10.0;0.0) create successfully
2017-11-12 17:26:04.535 [main] INFO  by.makedon.epam3.entity.Triangle - (1.0;1.0) (2.0;2.0) (5.0;1.5) create successfully
2017-11-12 17:26:04.535 [main] INFO  by.makedon.epam3.entity.Triangle - (2.0;3.0) (3.0;2.0) (4.0;5.0) create successfully
2017-11-12 21:54:14.654 [main] INFO  by.makedon.epam3.reader.ReaderOfFile - in/in.txt has found
2017-11-12 21:54:14.663 [main] INFO  by.makedon.epam3.reader.ReaderOfFile - 0.0 0.0 0.0 2.0 3.0 0.0 has read correct
2017-11-12 21:54:14.663 [main] INFO  by.makedon.epam3.reader.ReaderOfFile - -1.0 0.0 2.0 3.0 1.0 4.0 has read correct
2017-11-12 21:54:14.664 [main] ERROR by.makedon.epam3.reader.ReaderOfFile - 2.z1 3.10 2.20 3.11 4.44 5.0 hasn't read: wrong parameters
2017-11-12 21:54:14.664 [main] INFO  by.makedon.epam3.reader.ReaderOfFile - 1.0 0.0 1.0 4.0 10.0 0.0 has read correct
2017-11-12 21:54:14.665 [main] ERROR by.makedon.epam3.reader.ReaderOfFile - (1.0;1.0) (2.0;2.0) (3.0;3.0) don't compose triangle
2017-11-12 21:54:14.665 [main] INFO  by.makedon.epam3.reader.ReaderOfFile - 1.0 1.0 2.0 2.0 5.0 1.5 has read correct
2017-11-12 21:54:14.665 [main] ERROR by.makedon.epam3.reader.ReaderOfFile - 0.0 0.0 hasn't read: wrong parameters
2017-11-12 21:54:14.666 [main] ERROR by.makedon.epam3.reader.ReaderOfFile - (1.0;1.0) (1.0;1.0) (1.0;1.0) don't compose triangle
2017-11-12 21:54:14.666 [main] INFO  by.makedon.epam3.reader.ReaderOfFile - 2.0 3.0 3.0 2.0 4.0 5.0 has read correct
2017-11-12 21:54:14.666 [main] ERROR by.makedon.epam3.reader.ReaderOfFile - qwerty qwerty qwerty hasn't read: wrong parameters
2017-11-12 21:54:14.667 [main] ERROR by.makedon.epam3.reader.ReaderOfFile - 5 5 2 2 3 3 hasn't read: wrong parameters
2017-11-12 21:54:14.667 [main] ERROR by.makedon.epam3.reader.ReaderOfFile - (0.0;0.0) (1.1;1.1) (2.2;2.2) don't compose triangle
2017-11-12 21:54:14.668 [main] INFO  by.makedon.epam3.entity.Triangle - (0.0;0.0) (0.0;2.0) (3.0;0.0) create successfully
2017-11-12 21:54:14.669 [main] INFO  by.makedon.epam3.action.TriangleAction - triangle (0.0;0.0) (0.0;2.0) (3.0;0.0) has area 3.000000000000001
2017-11-12 21:54:14.670 [main] INFO  by.makedon.epam3.action.TriangleAction - triangle (0.0;0.0) (0.0;2.0) (3.0;0.0) has perimeter 8.60555127546399
2017-11-12 21:54:14.670 [main] INFO  by.makedon.epam3.entity.Triangle - (-1.0;0.0) (2.0;3.0) (1.0;4.0) create successfully
2017-11-12 21:54:14.670 [main] INFO  by.makedon.epam3.action.TriangleAction - triangle (-1.0;0.0) (2.0;3.0) (1.0;4.0) has area 2.9999999999999996
2017-11-12 21:54:14.670 [main] INFO  by.makedon.epam3.action.TriangleAction - triangle (-1.0;0.0) (2.0;3.0) (1.0;4.0) has perimeter 10.12899020449196
2017-11-12 21:54:14.670 [main] INFO  by.makedon.epam3.entity.Triangle - (1.0;0.0) (1.0;4.0) (10.0;0.0) create successfully
2017-11-12 21:54:14.670 [main] INFO  by.makedon.epam3.action.TriangleAction - triangle (1.0;0.0) (1.0;4.0) (10.0;0.0) has area 18.0
2017-11-12 21:54:14.671 [main] INFO  by.makedon.epam3.action.TriangleAction - triangle (1.0;0.0) (1.0;4.0) (10.0;0.0) has perimeter 22.848857801796104
2017-11-12 21:54:14.671 [main] INFO  by.makedon.epam3.entity.Triangle - (1.0;1.0) (2.0;2.0) (5.0;1.5) create successfully
2017-11-12 21:54:14.671 [main] INFO  by.makedon.epam3.action.TriangleAction - triangle (1.0;1.0) (2.0;2.0) (5.0;1.5) has area 1.7500000000000009
2017-11-12 21:54:14.671 [main] INFO  by.makedon.epam3.action.TriangleAction - triangle (1.0;1.0) (2.0;2.0) (5.0;1.5) has perimeter 8.48672370167148
2017-11-12 21:54:14.671 [main] INFO  by.makedon.epam3.entity.Triangle - (2.0;3.0) (3.0;2.0) (4.0;5.0) create successfully
2017-11-12 21:54:14.671 [main] INFO  by.makedon.epam3.action.TriangleAction - triangle (2.0;3.0) (3.0;2.0) (4.0;5.0) has area 2.0000000000000013
2017-11-12 21:54:14.672 [main] INFO  by.makedon.epam3.action.TriangleAction - triangle (2.0;3.0) (3.0;2.0) (4.0;5.0) has perimeter 7.404918347287666
2017-11-12 21:54:43.755 [main] INFO  by.makedon.epam3.reader.ReaderOfFile - in/in.txt has found
2017-11-12 21:54:43.765 [main] INFO  by.makedon.epam3.reader.ReaderOfFile - 0.0 0.0 0.0 2.0 3.0 0.0 has read correct
2017-11-12 21:54:43.765 [main] INFO  by.makedon.epam3.reader.ReaderOfFile - -1.0 0.0 2.0 3.0 1.0 4.0 has read correct
2017-11-12 21:54:43.766 [main] ERROR by.makedon.epam3.reader.ReaderOfFile - 2.z1 3.10 2.20 3.11 4.44 5.0 hasn't read: wrong parameters
2017-11-12 21:54:43.766 [main] INFO  by.makedon.epam3.reader.ReaderOfFile - 1.0 0.0 1.0 4.0 10.0 0.0 has read correct
2017-11-12 21:54:43.767 [main] ERROR by.makedon.epam3.reader.ReaderOfFile - (1.0;1.0) (2.0;2.0) (3.0;3.0) don't compose triangle
2017-11-12 21:54:43.767 [main] INFO  by.makedon.epam3.reader.ReaderOfFile - 1.0 1.0 2.0 2.0 5.0 1.5 has read correct
2017-11-12 21:54:43.767 [main] ERROR by.makedon.epam3.reader.ReaderOfFile - 0.0 0.0 hasn't read: wrong parameters
2017-11-12 21:54:43.768 [main] ERROR by.makedon.epam3.reader.ReaderOfFile - (1.0;1.0) (1.0;1.0) (1.0;1.0) don't compose triangle
2017-11-12 21:54:43.768 [main] INFO  by.makedon.epam3.reader.ReaderOfFile - 2.0 3.0 3.0 2.0 4.0 5.0 has read correct
2017-11-12 21:54:43.768 [main] ERROR by.makedon.epam3.reader.ReaderOfFile - qwerty qwerty qwerty hasn't read: wrong parameters
2017-11-12 21:54:43.769 [main] ERROR by.makedon.epam3.reader.ReaderOfFile - 5 5 2 2 3 3 hasn't read: wrong parameters
2017-11-12 21:54:43.769 [main] ERROR by.makedon.epam3.reader.ReaderOfFile - (0.0;0.0) (1.1;1.1) (2.2;2.2) don't compose triangle
2017-11-12 21:54:43.771 [main] INFO  by.makedon.epam3.entity.Triangle - (0.0;0.0) (0.0;2.0) (3.0;0.0) create successfully
2017-11-12 21:54:43.772 [main] INFO  by.makedon.epam3.action.TriangleAction - triangle (0.0;0.0) (0.0;2.0) (3.0;0.0) has area 3.000000000000001
2017-11-12 21:54:43.772 [main] INFO  by.makedon.epam3.action.TriangleAction - triangle (0.0;0.0) (0.0;2.0) (3.0;0.0) has perimeter 8.60555127546399
2017-11-12 21:54:43.772 [main] INFO  by.makedon.epam3.entity.Triangle - (-1.0;0.0) (2.0;3.0) (1.0;4.0) create successfully
2017-11-12 21:54:43.772 [main] INFO  by.makedon.epam3.action.TriangleAction - triangle (-1.0;0.0) (2.0;3.0) (1.0;4.0) has area 2.9999999999999996
2017-11-12 21:54:43.773 [main] INFO  by.makedon.epam3.action.TriangleAction - triangle (-1.0;0.0) (2.0;3.0) (1.0;4.0) has perimeter 10.12899020449196
2017-11-12 21:54:43.773 [main] INFO  by.makedon.epam3.entity.Triangle - (1.0;0.0) (1.0;4.0) (10.0;0.0) create successfully
2017-11-12 21:54:43.773 [main] INFO  by.makedon.epam3.action.TriangleAction - triangle (1.0;0.0) (1.0;4.0) (10.0;0.0) has area 18.0
2017-11-12 21:54:43.773 [main] INFO  by.makedon.epam3.action.TriangleAction - triangle (1.0;0.0) (1.0;4.0) (10.0;0.0) has perimeter 22.848857801796104
2017-11-12 21:54:43.773 [main] INFO  by.makedon.epam3.entity.Triangle - (1.0;1.0) (2.0;2.0) (5.0;1.5) create successfully
2017-11-12 21:54:43.773 [main] INFO  by.makedon.epam3.action.TriangleAction - triangle (1.0;1.0) (2.0;2.0) (5.0;1.5) has area 1.7500000000000009
2017-11-12 21:54:43.774 [main] INFO  by.makedon.epam3.action.TriangleAction - triangle (1.0;1.0) (2.0;2.0) (5.0;1.5) has perimeter 8.48672370167148
2017-11-12 21:54:43.774 [main] INFO  by.makedon.epam3.entity.Triangle - (2.0;3.0) (3.0;2.0) (4.0;5.0) create successfully
2017-11-12 21:54:43.774 [main] INFO  by.makedon.epam3.action.TriangleAction - triangle (2.0;3.0) (3.0;2.0) (4.0;5.0) has area 2.0000000000000013
2017-11-12 21:54:43.774 [main] INFO  by.makedon.epam3.action.TriangleAction - triangle (2.0;3.0) (3.0;2.0) (4.0;5.0) has perimeter 7.404918347287666
2017-11-12 21:55:10.467 [main] INFO  by.makedon.epam3.reader.ReaderOfFile - in/in.txt has found
2017-11-12 21:55:10.478 [main] INFO  by.makedon.epam3.reader.ReaderOfFile - 0.0 0.0 0.0 2.0 3.0 0.0 has read correct
2017-11-12 21:55:10.479 [main] INFO  by.makedon.epam3.reader.ReaderOfFile - -1.0 0.0 2.0 3.0 1.0 4.0 has read correct
2017-11-12 21:55:10.479 [main] ERROR by.makedon.epam3.reader.ReaderOfFile - 2.z1 3.10 2.20 3.11 4.44 5.0 hasn't read: wrong parameters
2017-11-12 21:55:10.480 [main] INFO  by.makedon.epam3.reader.ReaderOfFile - 1.0 0.0 1.0 4.0 10.0 0.0 has read correct
2017-11-12 21:55:10.480 [main] ERROR by.makedon.epam3.reader.ReaderOfFile - (1.0;1.0) (2.0;2.0) (3.0;3.0) don't compose triangle
2017-11-12 21:55:10.480 [main] INFO  by.makedon.epam3.reader.ReaderOfFile - 1.0 1.0 2.0 2.0 5.0 1.5 has read correct
2017-11-12 21:55:10.481 [main] ERROR by.makedon.epam3.reader.ReaderOfFile - 0.0 0.0 hasn't read: wrong parameters
2017-11-12 21:55:10.481 [main] ERROR by.makedon.epam3.reader.ReaderOfFile - (1.0;1.0) (1.0;1.0) (1.0;1.0) don't compose triangle
2017-11-12 21:55:10.481 [main] INFO  by.makedon.epam3.reader.ReaderOfFile - 2.0 3.0 3.0 2.0 4.0 5.0 has read correct
2017-11-12 21:55:10.482 [main] ERROR by.makedon.epam3.reader.ReaderOfFile - qwerty qwerty qwerty hasn't read: wrong parameters
2017-11-12 21:55:10.482 [main] ERROR by.makedon.epam3.reader.ReaderOfFile - 5 5 2 2 3 3 hasn't read: wrong parameters
2017-11-12 21:55:10.483 [main] ERROR by.makedon.epam3.reader.ReaderOfFile - (0.0;0.0) (1.1;1.1) (2.2;2.2) don't compose triangle
2017-11-12 21:55:10.484 [main] INFO  by.makedon.epam3.entity.Triangle - (0.0;0.0) (0.0;2.0) (3.0;0.0) create successfully
2017-11-12 21:55:10.485 [main] INFO  by.makedon.epam3.action.TriangleAction - triangle (0.0;0.0) (0.0;2.0) (3.0;0.0) has area 3.000000000000001
2017-11-12 21:55:10.485 [main] INFO  by.makedon.epam3.action.TriangleAction - triangle (0.0;0.0) (0.0;2.0) (3.0;0.0) has perimeter 8.60555127546399
2017-11-12 21:55:10.485 [main] INFO  by.makedon.epam3.entity.Triangle - (-1.0;0.0) (2.0;3.0) (1.0;4.0) create successfully
2017-11-12 21:55:10.485 [main] INFO  by.makedon.epam3.action.TriangleAction - triangle (-1.0;0.0) (2.0;3.0) (1.0;4.0) has area 2.9999999999999996
2017-11-12 21:55:10.485 [main] INFO  by.makedon.epam3.action.TriangleAction - triangle (-1.0;0.0) (2.0;3.0) (1.0;4.0) has perimeter 10.12899020449196
2017-11-12 21:55:10.485 [main] INFO  by.makedon.epam3.entity.Triangle - (1.0;0.0) (1.0;4.0) (10.0;0.0) create successfully
2017-11-12 21:55:10.486 [main] INFO  by.makedon.epam3.action.TriangleAction - triangle (1.0;0.0) (1.0;4.0) (10.0;0.0) has area 18.0
2017-11-12 21:55:10.486 [main] INFO  by.makedon.epam3.action.TriangleAction - triangle (1.0;0.0) (1.0;4.0) (10.0;0.0) has perimeter 22.848857801796104
2017-11-12 21:55:10.486 [main] INFO  by.makedon.epam3.entity.Triangle - (1.0;1.0) (2.0;2.0) (5.0;1.5) create successfully
2017-11-12 21:55:10.486 [main] INFO  by.makedon.epam3.action.TriangleAction - triangle (1.0;1.0) (2.0;2.0) (5.0;1.5) has area 1.7500000000000009
2017-11-12 21:55:10.486 [main] INFO  by.makedon.epam3.action.TriangleAction - triangle (1.0;1.0) (2.0;2.0) (5.0;1.5) has perimeter 8.48672370167148
2017-11-12 21:55:10.486 [main] INFO  by.makedon.epam3.entity.Triangle - (2.0;3.0) (3.0;2.0) (4.0;5.0) create successfully
2017-11-12 21:55:10.486 [main] INFO  by.makedon.epam3.action.TriangleAction - triangle (2.0;3.0) (3.0;2.0) (4.0;5.0) has area 2.0000000000000013
2017-11-12 21:55:10.487 [main] INFO  by.makedon.epam3.action.TriangleAction - triangle (2.0;3.0) (3.0;2.0) (4.0;5.0) has perimeter 7.404918347287666
2017-11-12 21:55:29.584 [main] INFO  by.makedon.epam3.reader.ReaderOfFile - in/in.txt has found
2017-11-12 21:55:29.591 [main] INFO  by.makedon.epam3.reader.ReaderOfFile - 0.0 0.0 0.0 2.0 3.0 0.0 has read correct
2017-11-12 21:55:29.592 [main] INFO  by.makedon.epam3.reader.ReaderOfFile - -1.0 0.0 2.0 3.0 1.0 4.0 has read correct
2017-11-12 21:55:29.592 [main] ERROR by.makedon.epam3.reader.ReaderOfFile - 2.z1 3.10 2.20 3.11 4.44 5.0 hasn't read: wrong parameters
2017-11-12 21:55:29.592 [main] INFO  by.makedon.epam3.reader.ReaderOfFile - 1.0 0.0 1.0 4.0 10.0 0.0 has read correct
2017-11-12 21:55:29.593 [main] ERROR by.makedon.epam3.reader.ReaderOfFile - (1.0;1.0) (2.0;2.0) (3.0;3.0) don't compose triangle
2017-11-12 21:55:29.593 [main] INFO  by.makedon.epam3.reader.ReaderOfFile - 1.0 1.0 2.0 2.0 5.0 1.5 has read correct
2017-11-12 21:55:29.593 [main] ERROR by.makedon.epam3.reader.ReaderOfFile - 0.0 0.0 hasn't read: wrong parameters
2017-11-12 21:55:29.593 [main] ERROR by.makedon.epam3.reader.ReaderOfFile - (1.0;1.0) (1.0;1.0) (1.0;1.0) don't compose triangle
2017-11-12 21:55:29.594 [main] INFO  by.makedon.epam3.reader.ReaderOfFile - 2.0 3.0 3.0 2.0 4.0 5.0 has read correct
2017-11-12 21:55:29.594 [main] ERROR by.makedon.epam3.reader.ReaderOfFile - qwerty qwerty qwerty hasn't read: wrong parameters
2017-11-12 21:55:29.594 [main] ERROR by.makedon.epam3.reader.ReaderOfFile - 5 5 2 2 3 3 hasn't read: wrong parameters
2017-11-12 21:55:29.595 [main] ERROR by.makedon.epam3.reader.ReaderOfFile - (0.0;0.0) (1.1;1.1) (2.2;2.2) don't compose triangle
2017-11-12 21:55:29.595 [main] INFO  by.makedon.epam3.entity.Triangle - (0.0;0.0) (0.0;2.0) (3.0;0.0) create successfully
2017-11-12 21:55:29.596 [main] INFO  by.makedon.epam3.action.TriangleAction - triangle (0.0;0.0) (0.0;2.0) (3.0;0.0) has area 3.000000000000001
2017-11-12 21:55:29.596 [main] INFO  by.makedon.epam3.action.TriangleAction - triangle (0.0;0.0) (0.0;2.0) (3.0;0.0) has perimeter 8.60555127546399
2017-11-12 21:55:29.596 [main] INFO  by.makedon.epam3.entity.Triangle - (-1.0;0.0) (2.0;3.0) (1.0;4.0) create successfully
2017-11-12 21:55:29.596 [main] INFO  by.makedon.epam3.action.TriangleAction - triangle (-1.0;0.0) (2.0;3.0) (1.0;4.0) has area 2.9999999999999996
2017-11-12 21:55:29.596 [main] INFO  by.makedon.epam3.action.TriangleAction - triangle (-1.0;0.0) (2.0;3.0) (1.0;4.0) has perimeter 10.12899020449196
2017-11-12 21:55:29.597 [main] INFO  by.makedon.epam3.entity.Triangle - (1.0;0.0) (1.0;4.0) (10.0;0.0) create successfully
2017-11-12 21:55:29.597 [main] INFO  by.makedon.epam3.action.TriangleAction - triangle (1.0;0.0) (1.0;4.0) (10.0;0.0) has area 18.0
2017-11-12 21:55:29.597 [main] INFO  by.makedon.epam3.action.TriangleAction - triangle (1.0;0.0) (1.0;4.0) (10.0;0.0) has perimeter 22.848857801796104
2017-11-12 21:55:29.597 [main] INFO  by.makedon.epam3.entity.Triangle - (1.0;1.0) (2.0;2.0) (5.0;1.5) create successfully
2017-11-12 21:55:29.597 [main] INFO  by.makedon.epam3.action.TriangleAction - triangle (1.0;1.0) (2.0;2.0) (5.0;1.5) has area 1.7500000000000009
2017-11-12 21:55:29.597 [main] INFO  by.makedon.epam3.action.TriangleAction - triangle (1.0;1.0) (2.0;2.0) (5.0;1.5) has perimeter 8.48672370167148
2017-11-12 21:55:29.597 [main] INFO  by.makedon.epam3.entity.Triangle - (2.0;3.0) (3.0;2.0) (4.0;5.0) create successfully
2017-11-12 21:55:29.597 [main] INFO  by.makedon.epam3.action.TriangleAction - triangle (2.0;3.0) (3.0;2.0) (4.0;5.0) has area 2.0000000000000013
2017-11-12 21:55:29.598 [main] INFO  by.makedon.epam3.action.TriangleAction - triangle (2.0;3.0) (3.0;2.0) (4.0;5.0) has perimeter 7.404918347287666
2017-11-12 22:02:50.208 [main] INFO  by.makedon.epam3.reader.ReaderOfFile - in/in.txt has found
2017-11-12 22:02:50.219 [main] INFO  by.makedon.epam3.reader.ReaderOfFile - 0.0 0.0 0.0 2.0 3.0 0.0 has read correct
2017-11-12 22:02:50.219 [main] INFO  by.makedon.epam3.reader.ReaderOfFile - -1.0 0.0 2.0 3.0 1.0 4.0 has read correct
2017-11-12 22:02:50.219 [main] ERROR by.makedon.epam3.reader.ReaderOfFile - 2.z1 3.10 2.20 3.11 4.44 5.0 hasn't read: wrong parameters
2017-11-12 22:02:50.220 [main] INFO  by.makedon.epam3.reader.ReaderOfFile - 1.0 0.0 1.0 4.0 10.0 0.0 has read correct
2017-11-12 22:02:50.220 [main] ERROR by.makedon.epam3.reader.ReaderOfFile - (1.0;1.0) (2.0;2.0) (3.0;3.0) don't compose triangle
2017-11-12 22:02:50.220 [main] INFO  by.makedon.epam3.reader.ReaderOfFile - 1.0 1.0 2.0 2.0 5.0 1.5 has read correct
2017-11-12 22:02:50.220 [main] ERROR by.makedon.epam3.reader.ReaderOfFile - 0.0 0.0 hasn't read: wrong parameters
2017-11-12 22:02:50.221 [main] ERROR by.makedon.epam3.reader.ReaderOfFile - (1.0;1.0) (1.0;1.0) (1.0;1.0) don't compose triangle
2017-11-12 22:02:50.221 [main] INFO  by.makedon.epam3.reader.ReaderOfFile - 2.0 3.0 3.0 2.0 4.0 5.0 has read correct
2017-11-12 22:02:50.221 [main] ERROR by.makedon.epam3.reader.ReaderOfFile - qwerty qwerty qwerty hasn't read: wrong parameters
2017-11-12 22:02:50.221 [main] ERROR by.makedon.epam3.reader.ReaderOfFile - 5 5 2 2 3 3 hasn't read: wrong parameters
2017-11-12 22:02:50.222 [main] ERROR by.makedon.epam3.reader.ReaderOfFile - (0.0;0.0) (1.1;1.1) (2.2;2.2) don't compose triangle
2017-11-12 22:02:50.223 [main] INFO  by.makedon.epam3.entity.Triangle - (0.0;0.0) (0.0;2.0) (3.0;0.0) create successfully
2017-11-12 22:02:50.223 [main] INFO  by.makedon.epam3.action.TriangleAction - triangle (0.0;0.0) (0.0;2.0) (3.0;0.0) has area 3.000000000000001
2017-11-12 22:02:50.223 [main] INFO  by.makedon.epam3.action.TriangleAction - triangle (0.0;0.0) (0.0;2.0) (3.0;0.0) has perimeter 8.60555127546399
2017-11-12 22:02:50.224 [main] INFO  by.makedon.epam3.entity.Triangle - (-1.0;0.0) (2.0;3.0) (1.0;4.0) create successfully
2017-11-12 22:02:50.224 [main] INFO  by.makedon.epam3.action.TriangleAction - triangle (-1.0;0.0) (2.0;3.0) (1.0;4.0) has area 2.9999999999999996
2017-11-12 22:02:50.224 [main] INFO  by.makedon.epam3.action.TriangleAction - triangle (-1.0;0.0) (2.0;3.0) (1.0;4.0) has perimeter 10.12899020449196
2017-11-12 22:02:50.224 [main] INFO  by.makedon.epam3.entity.Triangle - (1.0;0.0) (1.0;4.0) (10.0;0.0) create successfully
2017-11-12 22:02:50.224 [main] INFO  by.makedon.epam3.action.TriangleAction - triangle (1.0;0.0) (1.0;4.0) (10.0;0.0) has area 18.0
2017-11-12 22:02:50.224 [main] INFO  by.makedon.epam3.action.TriangleAction - triangle (1.0;0.0) (1.0;4.0) (10.0;0.0) has perimeter 22.848857801796104
2017-11-12 22:02:50.224 [main] INFO  by.makedon.epam3.entity.Triangle - (1.0;1.0) (2.0;2.0) (5.0;1.5) create successfully
2017-11-12 22:02:50.225 [main] INFO  by.makedon.epam3.action.TriangleAction - triangle (1.0;1.0) (2.0;2.0) (5.0;1.5) has area 1.7500000000000009
2017-11-12 22:02:50.225 [main] INFO  by.makedon.epam3.action.TriangleAction - triangle (1.0;1.0) (2.0;2.0) (5.0;1.5) has perimeter 8.48672370167148
2017-11-12 22:02:50.225 [main] INFO  by.makedon.epam3.entity.Triangle - (2.0;3.0) (3.0;2.0) (4.0;5.0) create successfully
2017-11-12 22:02:50.225 [main] INFO  by.makedon.epam3.action.TriangleAction - triangle (2.0;3.0) (3.0;2.0) (4.0;5.0) has area 2.0000000000000013
2017-11-12 22:02:50.225 [main] INFO  by.makedon.epam3.action.TriangleAction - triangle (2.0;3.0) (3.0;2.0) (4.0;5.0) has perimeter 7.404918347287666
2017-11-12 22:02:50.225 [main] INFO  by.makedon.epam3.action.TriangleAction - triangle (-100.0;-100.0) (0.0;2.0) (3.0;0.0) has area 253.00000000000244
2017-11-12 22:02:50.226 [main] INFO  by.makedon.epam3.action.TriangleAction - triangle (-100.0;-100.0) (0.0;2.0) (3.0;0.0) has perimeter 290.00647246680444
2017-11-12 22:03:47.661 [main] INFO  by.makedon.epam3.reader.ReaderOfFile - in/in.txt has found
2017-11-12 22:03:47.693 [main] INFO  by.makedon.epam3.reader.ReaderOfFile - 0.0 0.0 0.0 2.0 3.0 0.0 has read correct
2017-11-12 22:03:47.694 [main] INFO  by.makedon.epam3.reader.ReaderOfFile - -1.0 0.0 2.0 3.0 1.0 4.0 has read correct
2017-11-12 22:03:47.695 [main] ERROR by.makedon.epam3.reader.ReaderOfFile - 2.z1 3.10 2.20 3.11 4.44 5.0 hasn't read: wrong parameters
2017-11-12 22:03:47.695 [main] INFO  by.makedon.epam3.reader.ReaderOfFile - 1.0 0.0 1.0 4.0 10.0 0.0 has read correct
2017-11-12 22:03:47.696 [main] ERROR by.makedon.epam3.reader.ReaderOfFile - (1.0;1.0) (2.0;2.0) (3.0;3.0) don't compose triangle
2017-11-12 22:03:47.696 [main] INFO  by.makedon.epam3.reader.ReaderOfFile - 1.0 1.0 2.0 2.0 5.0 1.5 has read correct
2017-11-12 22:03:47.696 [main] ERROR by.makedon.epam3.reader.ReaderOfFile - 0.0 0.0 hasn't read: wrong parameters
2017-11-12 22:03:47.697 [main] ERROR by.makedon.epam3.reader.ReaderOfFile - (1.0;1.0) (1.0;1.0) (1.0;1.0) don't compose triangle
2017-11-12 22:03:47.697 [main] INFO  by.makedon.epam3.reader.ReaderOfFile - 2.0 3.0 3.0 2.0 4.0 5.0 has read correct
2017-11-12 22:03:47.698 [main] ERROR by.makedon.epam3.reader.ReaderOfFile - qwerty qwerty qwerty hasn't read: wrong parameters
2017-11-12 22:03:47.698 [main] ERROR by.makedon.epam3.reader.ReaderOfFile - 5 5 2 2 3 3 hasn't read: wrong parameters
2017-11-12 22:03:47.699 [main] ERROR by.makedon.epam3.reader.ReaderOfFile - (0.0;0.0) (1.1;1.1) (2.2;2.2) don't compose triangle
2017-11-12 22:03:47.701 [main] INFO  by.makedon.epam3.entity.Triangle - (0.0;0.0) (0.0;2.0) (3.0;0.0) create successfully
2017-11-12 22:03:58.129 [main] INFO  by.makedon.epam3.action.TriangleAction - triangle (0.0;0.0) (0.0;2.0) (3.0;0.0) has area 3.000000000000001
2017-11-12 22:03:59.342 [main] INFO  by.makedon.epam3.action.TriangleAction - triangle (0.0;0.0) (0.0;2.0) (3.0;0.0) has perimeter 8.60555127546399
2017-11-12 22:04:38.461 [main] INFO  by.makedon.epam3.entity.Triangle - (-1.0;0.0) (2.0;3.0) (1.0;4.0) create successfully
2017-11-12 22:04:40.617 [main] INFO  by.makedon.epam3.action.TriangleAction - triangle (-1.0;0.0) (2.0;3.0) (1.0;4.0) has area 2.9999999999999996
2017-11-12 22:04:41.255 [main] INFO  by.makedon.epam3.action.TriangleAction - triangle (-1.0;0.0) (2.0;3.0) (1.0;4.0) has perimeter 10.12899020449196
2017-11-12 22:04:50.221 [main] INFO  by.makedon.epam3.entity.Triangle - (1.0;0.0) (1.0;4.0) (10.0;0.0) create successfully
2017-11-12 22:04:51.703 [main] INFO  by.makedon.epam3.action.TriangleAction - triangle (1.0;0.0) (1.0;4.0) (10.0;0.0) has area 18.0
2017-11-12 22:04:52.025 [main] INFO  by.makedon.epam3.action.TriangleAction - triangle (1.0;0.0) (1.0;4.0) (10.0;0.0) has perimeter 22.848857801796104
2017-11-12 22:04:57.321 [main] INFO  by.makedon.epam3.entity.Triangle - (1.0;1.0) (2.0;2.0) (5.0;1.5) create successfully
2017-11-12 22:04:58.620 [main] INFO  by.makedon.epam3.action.TriangleAction - triangle (1.0;1.0) (2.0;2.0) (5.0;1.5) has area 1.7500000000000009
2017-11-12 22:04:59.402 [main] INFO  by.makedon.epam3.action.TriangleAction - triangle (1.0;1.0) (2.0;2.0) (5.0;1.5) has perimeter 8.48672370167148
2017-11-12 22:05:04.147 [main] INFO  by.makedon.epam3.entity.Triangle - (2.0;3.0) (3.0;2.0) (4.0;5.0) create successfully
2017-11-12 22:05:06.345 [main] INFO  by.makedon.epam3.action.TriangleAction - triangle (2.0;3.0) (3.0;2.0) (4.0;5.0) has area 2.0000000000000013
2017-11-12 22:05:06.821 [main] INFO  by.makedon.epam3.action.TriangleAction - triangle (2.0;3.0) (3.0;2.0) (4.0;5.0) has perimeter 7.404918347287666
2017-11-12 22:05:38.180 [main] INFO  by.makedon.epam3.action.TriangleAction - triangle (-100.0;-100.0) (0.0;2.0) (3.0;0.0) has area 253.00000000000244
2017-11-12 22:05:39.807 [main] INFO  by.makedon.epam3.action.TriangleAction - triangle (-100.0;-100.0) (0.0;2.0) (3.0;0.0) has perimeter 290.00647246680444
2017-11-12 22:10:54.077 [main] INFO  by.makedon.epam3.reader.ReaderOfFile - in/in.txt has found
2017-11-12 22:10:54.085 [main] INFO  by.makedon.epam3.reader.ReaderOfFile - 0.0 0.0 0.0 2.0 3.0 0.0 has read correct
2017-11-12 22:10:54.085 [main] INFO  by.makedon.epam3.reader.ReaderOfFile - -1.0 0.0 2.0 3.0 1.0 4.0 has read correct
2017-11-12 22:10:54.086 [main] ERROR by.makedon.epam3.reader.ReaderOfFile - 2.z1 3.10 2.20 3.11 4.44 5.0 hasn't read: wrong parameters
2017-11-12 22:10:54.086 [main] INFO  by.makedon.epam3.reader.ReaderOfFile - 1.0 0.0 1.0 4.0 10.0 0.0 has read correct
2017-11-12 22:10:54.086 [main] ERROR by.makedon.epam3.reader.ReaderOfFile - (1.0;1.0) (2.0;2.0) (3.0;3.0) don't compose triangle
2017-11-12 22:10:54.087 [main] INFO  by.makedon.epam3.reader.ReaderOfFile - 1.0 1.0 2.0 2.0 5.0 1.5 has read correct
2017-11-12 22:10:54.087 [main] ERROR by.makedon.epam3.reader.ReaderOfFile - 0.0 0.0 hasn't read: wrong parameters
2017-11-12 22:10:54.087 [main] ERROR by.makedon.epam3.reader.ReaderOfFile - (1.0;1.0) (1.0;1.0) (1.0;1.0) don't compose triangle
2017-11-12 22:10:54.087 [main] INFO  by.makedon.epam3.reader.ReaderOfFile - 2.0 3.0 3.0 2.0 4.0 5.0 has read correct
2017-11-12 22:10:54.088 [main] ERROR by.makedon.epam3.reader.ReaderOfFile - qwerty qwerty qwerty hasn't read: wrong parameters
2017-11-12 22:10:54.088 [main] ERROR by.makedon.epam3.reader.ReaderOfFile - 5 5 2 2 3 3 hasn't read: wrong parameters
2017-11-12 22:10:54.088 [main] ERROR by.makedon.epam3.reader.ReaderOfFile - (0.0;0.0) (1.1;1.1) (2.2;2.2) don't compose triangle
2017-11-12 22:10:54.089 [main] INFO  by.makedon.epam3.entity.Triangle - (0.0;0.0) (0.0;2.0) (3.0;0.0) create successfully
2017-11-12 22:10:54.090 [main] INFO  by.makedon.epam3.action.TriangleAction - triangle (0.0;0.0) (0.0;2.0) (3.0;0.0) has area 3.000000000000001
2017-11-12 22:10:54.090 [main] INFO  by.makedon.epam3.action.TriangleAction - triangle (0.0;0.0) (0.0;2.0) (3.0;0.0) has perimeter 8.60555127546399
2017-11-12 22:10:54.090 [main] INFO  by.makedon.epam3.entity.Triangle - (-1.0;0.0) (2.0;3.0) (1.0;4.0) create successfully
2017-11-12 22:10:54.090 [main] INFO  by.makedon.epam3.action.TriangleAction - triangle (-1.0;0.0) (2.0;3.0) (1.0;4.0) has area 2.9999999999999996
2017-11-12 22:10:54.090 [main] INFO  by.makedon.epam3.action.TriangleAction - triangle (-1.0;0.0) (2.0;3.0) (1.0;4.0) has perimeter 10.12899020449196
2017-11-12 22:10:54.090 [main] INFO  by.makedon.epam3.entity.Triangle - (1.0;0.0) (1.0;4.0) (10.0;0.0) create successfully
2017-11-12 22:10:54.091 [main] INFO  by.makedon.epam3.action.TriangleAction - triangle (1.0;0.0) (1.0;4.0) (10.0;0.0) has area 18.0
2017-11-12 22:10:54.091 [main] INFO  by.makedon.epam3.action.TriangleAction - triangle (1.0;0.0) (1.0;4.0) (10.0;0.0) has perimeter 22.848857801796104
2017-11-12 22:10:54.091 [main] INFO  by.makedon.epam3.entity.Triangle - (1.0;1.0) (2.0;2.0) (5.0;1.5) create successfully
2017-11-12 22:10:54.091 [main] INFO  by.makedon.epam3.action.TriangleAction - triangle (1.0;1.0) (2.0;2.0) (5.0;1.5) has area 1.7500000000000009
2017-11-12 22:10:54.091 [main] INFO  by.makedon.epam3.action.TriangleAction - triangle (1.0;1.0) (2.0;2.0) (5.0;1.5) has perimeter 8.48672370167148
2017-11-12 22:10:54.091 [main] INFO  by.makedon.epam3.entity.Triangle - (2.0;3.0) (3.0;2.0) (4.0;5.0) create successfully
2017-11-12 22:10:54.091 [main] INFO  by.makedon.epam3.action.TriangleAction - triangle (2.0;3.0) (3.0;2.0) (4.0;5.0) has area 2.0000000000000013
2017-11-12 22:10:54.092 [main] INFO  by.makedon.epam3.action.TriangleAction - triangle (2.0;3.0) (3.0;2.0) (4.0;5.0) has perimeter 7.404918347287666
2017-11-12 22:10:54.092 [main] INFO  by.makedon.epam3.action.TriangleAction - triangle (-100.0;-100.0) (0.0;2.0) (3.0;0.0) has area 253.00000000000244
2017-11-12 22:10:54.093 [main] INFO  by.makedon.epam3.action.TriangleAction - triangle (-100.0;-100.0) (0.0;2.0) (3.0;0.0) has perimeter 290.00647246680444
2017-11-12 22:11:07.421 [main] INFO  by.makedon.epam3.reader.ReaderOfFile - in/in.txt has found
2017-11-12 22:11:07.429 [main] INFO  by.makedon.epam3.reader.ReaderOfFile - 0.0 0.0 0.0 2.0 3.0 0.0 has read correct
2017-11-12 22:11:07.430 [main] INFO  by.makedon.epam3.reader.ReaderOfFile - -1.0 0.0 2.0 3.0 1.0 4.0 has read correct
2017-11-12 22:11:07.430 [main] ERROR by.makedon.epam3.reader.ReaderOfFile - 2.z1 3.10 2.20 3.11 4.44 5.0 hasn't read: wrong parameters
2017-11-12 22:11:07.431 [main] INFO  by.makedon.epam3.reader.ReaderOfFile - 1.0 0.0 1.0 4.0 10.0 0.0 has read correct
2017-11-12 22:11:07.431 [main] ERROR by.makedon.epam3.reader.ReaderOfFile - (1.0;1.0) (2.0;2.0) (3.0;3.0) don't compose triangle
2017-11-12 22:11:07.431 [main] INFO  by.makedon.epam3.reader.ReaderOfFile - 1.0 1.0 2.0 2.0 5.0 1.5 has read correct
2017-11-12 22:11:07.431 [main] ERROR by.makedon.epam3.reader.ReaderOfFile - 0.0 0.0 hasn't read: wrong parameters
2017-11-12 22:11:07.432 [main] ERROR by.makedon.epam3.reader.ReaderOfFile - (1.0;1.0) (1.0;1.0) (1.0;1.0) don't compose triangle
2017-11-12 22:11:07.432 [main] INFO  by.makedon.epam3.reader.ReaderOfFile - 2.0 3.0 3.0 2.0 4.0 5.0 has read correct
2017-11-12 22:11:07.432 [main] ERROR by.makedon.epam3.reader.ReaderOfFile - qwerty qwerty qwerty hasn't read: wrong parameters
2017-11-12 22:11:07.433 [main] ERROR by.makedon.epam3.reader.ReaderOfFile - 5 5 2 2 3 3 hasn't read: wrong parameters
2017-11-12 22:11:07.433 [main] ERROR by.makedon.epam3.reader.ReaderOfFile - (0.0;0.0) (1.1;1.1) (2.2;2.2) don't compose triangle
2017-11-12 22:11:07.434 [main] INFO  by.makedon.epam3.entity.Triangle - (0.0;0.0) (0.0;2.0) (3.0;0.0) create successfully
2017-11-12 22:11:07.435 [main] INFO  by.makedon.epam3.action.TriangleAction - triangle (0.0;0.0) (0.0;2.0) (3.0;0.0) has area 3.000000000000001
2017-11-12 22:11:07.435 [main] INFO  by.makedon.epam3.action.TriangleAction - triangle (0.0;0.0) (0.0;2.0) (3.0;0.0) has perimeter 8.60555127546399
2017-11-12 22:11:07.435 [main] INFO  by.makedon.epam3.entity.Triangle - (-1.0;0.0) (2.0;3.0) (1.0;4.0) create successfully
2017-11-12 22:11:07.435 [main] INFO  by.makedon.epam3.action.TriangleAction - triangle (-1.0;0.0) (2.0;3.0) (1.0;4.0) has area 2.9999999999999996
2017-11-12 22:11:07.435 [main] INFO  by.makedon.epam3.action.TriangleAction - triangle (-1.0;0.0) (2.0;3.0) (1.0;4.0) has perimeter 10.12899020449196
2017-11-12 22:11:07.436 [main] INFO  by.makedon.epam3.entity.Triangle - (1.0;0.0) (1.0;4.0) (10.0;0.0) create successfully
2017-11-12 22:11:07.436 [main] INFO  by.makedon.epam3.action.TriangleAction - triangle (1.0;0.0) (1.0;4.0) (10.0;0.0) has area 18.0
2017-11-12 22:11:07.436 [main] INFO  by.makedon.epam3.action.TriangleAction - triangle (1.0;0.0) (1.0;4.0) (10.0;0.0) has perimeter 22.848857801796104
2017-11-12 22:11:07.436 [main] INFO  by.makedon.epam3.entity.Triangle - (1.0;1.0) (2.0;2.0) (5.0;1.5) create successfully
2017-11-12 22:11:07.436 [main] INFO  by.makedon.epam3.action.TriangleAction - triangle (1.0;1.0) (2.0;2.0) (5.0;1.5) has area 1.7500000000000009
2017-11-12 22:11:07.436 [main] INFO  by.makedon.epam3.action.TriangleAction - triangle (1.0;1.0) (2.0;2.0) (5.0;1.5) has perimeter 8.48672370167148
2017-11-12 22:11:07.436 [main] INFO  by.makedon.epam3.entity.Triangle - (2.0;3.0) (3.0;2.0) (4.0;5.0) create successfully
2017-11-12 22:11:07.437 [main] INFO  by.makedon.epam3.action.TriangleAction - triangle (2.0;3.0) (3.0;2.0) (4.0;5.0) has area 2.0000000000000013
2017-11-12 22:11:07.437 [main] INFO  by.makedon.epam3.action.TriangleAction - triangle (2.0;3.0) (3.0;2.0) (4.0;5.0) has perimeter 7.404918347287666
2017-11-12 22:12:34.273 [main] INFO  by.makedon.epam3.action.TriangleAction - triangle (-100.0;-100.0) (0.0;2.0) (3.0;0.0) has area 253.00000000000244
2017-11-12 22:12:34.275 [main] INFO  by.makedon.epam3.action.TriangleAction - triangle (-100.0;-100.0) (0.0;2.0) (3.0;0.0) has perimeter 290.00647246680444
2017-11-12 22:13:15.384 [main] INFO  by.makedon.epam3.reader.ReaderOfFile - in/in.txt has found
2017-11-12 22:13:15.392 [main] INFO  by.makedon.epam3.reader.ReaderOfFile - 0.0 0.0 0.0 2.0 3.0 0.0 has read correct
2017-11-12 22:13:15.393 [main] INFO  by.makedon.epam3.reader.ReaderOfFile - -1.0 0.0 2.0 3.0 1.0 4.0 has read correct
2017-11-12 22:13:15.393 [main] ERROR by.makedon.epam3.reader.ReaderOfFile - 2.z1 3.10 2.20 3.11 4.44 5.0 hasn't read: wrong parameters
2017-11-12 22:13:15.393 [main] INFO  by.makedon.epam3.reader.ReaderOfFile - 1.0 0.0 1.0 4.0 10.0 0.0 has read correct
2017-11-12 22:13:15.394 [main] ERROR by.makedon.epam3.reader.ReaderOfFile - (1.0;1.0) (2.0;2.0) (3.0;3.0) don't compose triangle
2017-11-12 22:13:15.394 [main] INFO  by.makedon.epam3.reader.ReaderOfFile - 1.0 1.0 2.0 2.0 5.0 1.5 has read correct
2017-11-12 22:13:15.394 [main] ERROR by.makedon.epam3.reader.ReaderOfFile - 0.0 0.0 hasn't read: wrong parameters
2017-11-12 22:13:15.395 [main] ERROR by.makedon.epam3.reader.ReaderOfFile - (1.0;1.0) (1.0;1.0) (1.0;1.0) don't compose triangle
2017-11-12 22:13:15.395 [main] INFO  by.makedon.epam3.reader.ReaderOfFile - 2.0 3.0 3.0 2.0 4.0 5.0 has read correct
2017-11-12 22:13:15.395 [main] ERROR by.makedon.epam3.reader.ReaderOfFile - qwerty qwerty qwerty hasn't read: wrong parameters
2017-11-12 22:13:15.396 [main] ERROR by.makedon.epam3.reader.ReaderOfFile - 5 5 2 2 3 3 hasn't read: wrong parameters
2017-11-12 22:13:15.396 [main] ERROR by.makedon.epam3.reader.ReaderOfFile - (0.0;0.0) (1.1;1.1) (2.2;2.2) don't compose triangle
2017-11-12 22:13:15.397 [main] INFO  by.makedon.epam3.entity.Triangle - (0.0;0.0) (0.0;2.0) (3.0;0.0) create successfully
2017-11-12 22:13:15.398 [main] INFO  by.makedon.epam3.action.TriangleAction - triangle (0.0;0.0) (0.0;2.0) (3.0;0.0) has area 3.000000000000001
2017-11-12 22:13:15.399 [main] INFO  by.makedon.epam3.action.TriangleAction - triangle (0.0;0.0) (0.0;2.0) (3.0;0.0) has perimeter 8.60555127546399
2017-11-12 22:13:15.399 [main] INFO  by.makedon.epam3.entity.Triangle - (-1.0;0.0) (2.0;3.0) (1.0;4.0) create successfully
2017-11-12 22:13:15.399 [main] INFO  by.makedon.epam3.action.TriangleAction - triangle (-1.0;0.0) (2.0;3.0) (1.0;4.0) has area 2.9999999999999996
2017-11-12 22:13:15.399 [main] INFO  by.makedon.epam3.action.TriangleAction - triangle (-1.0;0.0) (2.0;3.0) (1.0;4.0) has perimeter 10.12899020449196
2017-11-12 22:13:15.399 [main] INFO  by.makedon.epam3.entity.Triangle - (1.0;0.0) (1.0;4.0) (10.0;0.0) create successfully
2017-11-12 22:13:15.399 [main] INFO  by.makedon.epam3.action.TriangleAction - triangle (1.0;0.0) (1.0;4.0) (10.0;0.0) has area 18.0
2017-11-12 22:13:15.400 [main] INFO  by.makedon.epam3.action.TriangleAction - triangle (1.0;0.0) (1.0;4.0) (10.0;0.0) has perimeter 22.848857801796104
2017-11-12 22:13:15.400 [main] INFO  by.makedon.epam3.entity.Triangle - (1.0;1.0) (2.0;2.0) (5.0;1.5) create successfully
2017-11-12 22:13:15.400 [main] INFO  by.makedon.epam3.action.TriangleAction - triangle (1.0;1.0) (2.0;2.0) (5.0;1.5) has area 1.7500000000000009
2017-11-12 22:13:15.400 [main] INFO  by.makedon.epam3.action.TriangleAction - triangle (1.0;1.0) (2.0;2.0) (5.0;1.5) has perimeter 8.48672370167148
2017-11-12 22:13:15.400 [main] INFO  by.makedon.epam3.entity.Triangle - (2.0;3.0) (3.0;2.0) (4.0;5.0) create successfully
2017-11-12 22:13:15.400 [main] INFO  by.makedon.epam3.action.TriangleAction - triangle (2.0;3.0) (3.0;2.0) (4.0;5.0) has area 2.0000000000000013
2017-11-12 22:13:15.401 [main] INFO  by.makedon.epam3.action.TriangleAction - triangle (2.0;3.0) (3.0;2.0) (4.0;5.0) has perimeter 7.404918347287666
2017-11-12 22:13:15.401 [main] INFO  by.makedon.epam3.action.TriangleAction - triangle (-100.0;-100.0) (0.0;2.0) (3.0;0.0) has area 253.00000000000244
2017-11-12 22:13:15.401 [main] INFO  by.makedon.epam3.action.TriangleAction - triangle (-100.0;-100.0) (0.0;2.0) (3.0;0.0) has perimeter 290.00647246680444
2017-11-12 22:13:58.816 [main] INFO  by.makedon.epam3.reader.ReaderOfFile - in/in.txt has found
2017-11-12 22:13:58.824 [main] INFO  by.makedon.epam3.reader.ReaderOfFile - 0.0 0.0 0.0 2.0 3.0 0.0 has read correct
2017-11-12 22:13:58.824 [main] INFO  by.makedon.epam3.reader.ReaderOfFile - -1.0 0.0 2.0 3.0 1.0 4.0 has read correct
2017-11-12 22:13:58.824 [main] ERROR by.makedon.epam3.reader.ReaderOfFile - 2.z1 3.10 2.20 3.11 4.44 5.0 hasn't read: wrong parameters
2017-11-12 22:13:58.825 [main] INFO  by.makedon.epam3.reader.ReaderOfFile - 1.0 0.0 1.0 4.0 10.0 0.0 has read correct
2017-11-12 22:13:58.825 [main] ERROR by.makedon.epam3.reader.ReaderOfFile - (1.0;1.0) (2.0;2.0) (3.0;3.0) don't compose triangle
2017-11-12 22:13:58.825 [main] INFO  by.makedon.epam3.reader.ReaderOfFile - 1.0 1.0 2.0 2.0 5.0 1.5 has read correct
2017-11-12 22:13:58.825 [main] ERROR by.makedon.epam3.reader.ReaderOfFile - 0.0 0.0 hasn't read: wrong parameters
2017-11-12 22:13:58.826 [main] ERROR by.makedon.epam3.reader.ReaderOfFile - (1.0;1.0) (1.0;1.0) (1.0;1.0) don't compose triangle
2017-11-12 22:13:58.826 [main] INFO  by.makedon.epam3.reader.ReaderOfFile - 2.0 3.0 3.0 2.0 4.0 5.0 has read correct
2017-11-12 22:13:58.826 [main] ERROR by.makedon.epam3.reader.ReaderOfFile - qwerty qwerty qwerty hasn't read: wrong parameters
2017-11-12 22:13:58.826 [main] ERROR by.makedon.epam3.reader.ReaderOfFile - 5 5 2 2 3 3 hasn't read: wrong parameters
2017-11-12 22:13:58.827 [main] ERROR by.makedon.epam3.reader.ReaderOfFile - (0.0;0.0) (1.1;1.1) (2.2;2.2) don't compose triangle
2017-11-12 22:13:58.827 [main] INFO  by.makedon.epam3.entity.Triangle - (0.0;0.0) (0.0;2.0) (3.0;0.0) create successfully
2017-11-12 22:13:58.828 [main] INFO  by.makedon.epam3.action.TriangleAction - triangle (0.0;0.0) (0.0;2.0) (3.0;0.0) has area 3.000000000000001
2017-11-12 22:13:58.828 [main] INFO  by.makedon.epam3.action.TriangleAction - triangle (0.0;0.0) (0.0;2.0) (3.0;0.0) has perimeter 8.60555127546399
2017-11-12 22:13:58.828 [main] INFO  by.makedon.epam3.entity.Triangle - (-1.0;0.0) (2.0;3.0) (1.0;4.0) create successfully
2017-11-12 22:13:58.828 [main] INFO  by.makedon.epam3.action.TriangleAction - triangle (-1.0;0.0) (2.0;3.0) (1.0;4.0) has area 2.9999999999999996
2017-11-12 22:13:58.829 [main] INFO  by.makedon.epam3.action.TriangleAction - triangle (-1.0;0.0) (2.0;3.0) (1.0;4.0) has perimeter 10.12899020449196
2017-11-12 22:13:58.829 [main] INFO  by.makedon.epam3.entity.Triangle - (1.0;0.0) (1.0;4.0) (10.0;0.0) create successfully
2017-11-12 22:13:58.829 [main] INFO  by.makedon.epam3.action.TriangleAction - triangle (1.0;0.0) (1.0;4.0) (10.0;0.0) has area 18.0
2017-11-12 22:13:58.829 [main] INFO  by.makedon.epam3.action.TriangleAction - triangle (1.0;0.0) (1.0;4.0) (10.0;0.0) has perimeter 22.848857801796104
2017-11-12 22:13:58.829 [main] INFO  by.makedon.epam3.entity.Triangle - (1.0;1.0) (2.0;2.0) (5.0;1.5) create successfully
2017-11-12 22:13:58.829 [main] INFO  by.makedon.epam3.action.TriangleAction - triangle (1.0;1.0) (2.0;2.0) (5.0;1.5) has area 1.7500000000000009
2017-11-12 22:13:58.829 [main] INFO  by.makedon.epam3.action.TriangleAction - triangle (1.0;1.0) (2.0;2.0) (5.0;1.5) has perimeter 8.48672370167148
2017-11-12 22:13:58.829 [main] INFO  by.makedon.epam3.entity.Triangle - (2.0;3.0) (3.0;2.0) (4.0;5.0) create successfully
2017-11-12 22:13:58.829 [main] INFO  by.makedon.epam3.action.TriangleAction - triangle (2.0;3.0) (3.0;2.0) (4.0;5.0) has area 2.0000000000000013
2017-11-12 22:13:58.830 [main] INFO  by.makedon.epam3.action.TriangleAction - triangle (2.0;3.0) (3.0;2.0) (4.0;5.0) has perimeter 7.404918347287666
2017-11-12 22:13:58.830 [main] INFO  by.makedon.epam3.action.TriangleAction - triangle (-100.0;-100.0) (0.0;2.0) (3.0;0.0) has area 253.00000000000244
2017-11-12 22:13:58.830 [main] INFO  by.makedon.epam3.action.TriangleAction - triangle (-100.0;-100.0) (0.0;2.0) (3.0;0.0) has perimeter 290.00647246680444
2017-11-12 22:16:51.543 [main] INFO  by.makedon.epam3.reader.ReaderOfFile - in/in.txt has found
2017-11-12 22:16:51.555 [main] INFO  by.makedon.epam3.reader.ReaderOfFile - 0.0 0.0 0.0 2.0 3.0 0.0 has read correct
2017-11-12 22:16:51.555 [main] INFO  by.makedon.epam3.reader.ReaderOfFile - -1.0 0.0 2.0 3.0 1.0 4.0 has read correct
2017-11-12 22:16:51.555 [main] ERROR by.makedon.epam3.reader.ReaderOfFile - 2.z1 3.10 2.20 3.11 4.44 5.0 hasn't read: wrong parameters
2017-11-12 22:16:51.556 [main] INFO  by.makedon.epam3.reader.ReaderOfFile - 1.0 0.0 1.0 4.0 10.0 0.0 has read correct
2017-11-12 22:16:51.556 [main] ERROR by.makedon.epam3.reader.ReaderOfFile - (1.0;1.0) (2.0;2.0) (3.0;3.0) don't compose triangle
2017-11-12 22:16:51.557 [main] INFO  by.makedon.epam3.reader.ReaderOfFile - 1.0 1.0 2.0 2.0 5.0 1.5 has read correct
2017-11-12 22:16:51.557 [main] ERROR by.makedon.epam3.reader.ReaderOfFile - 0.0 0.0 hasn't read: wrong parameters
2017-11-12 22:16:51.557 [main] ERROR by.makedon.epam3.reader.ReaderOfFile - (1.0;1.0) (1.0;1.0) (1.0;1.0) don't compose triangle
2017-11-12 22:16:51.558 [main] INFO  by.makedon.epam3.reader.ReaderOfFile - 2.0 3.0 3.0 2.0 4.0 5.0 has read correct
2017-11-12 22:16:51.558 [main] ERROR by.makedon.epam3.reader.ReaderOfFile - qwerty qwerty qwerty hasn't read: wrong parameters
2017-11-12 22:16:51.558 [main] ERROR by.makedon.epam3.reader.ReaderOfFile - 5 5 2 2 3 3 hasn't read: wrong parameters
2017-11-12 22:16:51.559 [main] ERROR by.makedon.epam3.reader.ReaderOfFile - (0.0;0.0) (1.1;1.1) (2.2;2.2) don't compose triangle
2017-11-12 22:16:51.560 [main] INFO  by.makedon.epam3.entity.Triangle - (0.0;0.0) (0.0;2.0) (3.0;0.0) create successfully
2017-11-12 22:16:51.561 [main] INFO  by.makedon.epam3.action.TriangleAction - triangle (0.0;0.0) (0.0;2.0) (3.0;0.0) has area 3.000000000000001
2017-11-12 22:16:51.561 [main] INFO  by.makedon.epam3.action.TriangleAction - triangle (0.0;0.0) (0.0;2.0) (3.0;0.0) has perimeter 8.60555127546399
2017-11-12 22:16:51.561 [main] INFO  by.makedon.epam3.entity.Triangle - (-1.0;0.0) (2.0;3.0) (1.0;4.0) create successfully
2017-11-12 22:16:51.562 [main] INFO  by.makedon.epam3.action.TriangleAction - triangle (-1.0;0.0) (2.0;3.0) (1.0;4.0) has area 2.9999999999999996
2017-11-12 22:16:51.562 [main] INFO  by.makedon.epam3.action.TriangleAction - triangle (-1.0;0.0) (2.0;3.0) (1.0;4.0) has perimeter 10.12899020449196
2017-11-12 22:16:51.562 [main] INFO  by.makedon.epam3.entity.Triangle - (1.0;0.0) (1.0;4.0) (10.0;0.0) create successfully
2017-11-12 22:16:51.562 [main] INFO  by.makedon.epam3.action.TriangleAction - triangle (1.0;0.0) (1.0;4.0) (10.0;0.0) has area 18.0
2017-11-12 22:16:51.562 [main] INFO  by.makedon.epam3.action.TriangleAction - triangle (1.0;0.0) (1.0;4.0) (10.0;0.0) has perimeter 22.848857801796104
2017-11-12 22:16:51.562 [main] INFO  by.makedon.epam3.entity.Triangle - (1.0;1.0) (2.0;2.0) (5.0;1.5) create successfully
2017-11-12 22:16:51.562 [main] INFO  by.makedon.epam3.action.TriangleAction - triangle (1.0;1.0) (2.0;2.0) (5.0;1.5) has area 1.7500000000000009
2017-11-12 22:16:51.563 [main] INFO  by.makedon.epam3.action.TriangleAction - triangle (1.0;1.0) (2.0;2.0) (5.0;1.5) has perimeter 8.48672370167148
2017-11-12 22:16:51.563 [main] INFO  by.makedon.epam3.entity.Triangle - (2.0;3.0) (3.0;2.0) (4.0;5.0) create successfully
2017-11-12 22:16:51.563 [main] INFO  by.makedon.epam3.action.TriangleAction - triangle (2.0;3.0) (3.0;2.0) (4.0;5.0) has area 2.0000000000000013
2017-11-12 22:16:51.563 [main] INFO  by.makedon.epam3.action.TriangleAction - triangle (2.0;3.0) (3.0;2.0) (4.0;5.0) has perimeter 7.404918347287666
2017-11-12 22:16:51.564 [main] INFO  by.makedon.epam3.action.TriangleAction - triangle (-100.0;-100.0) (0.0;2.0) (3.0;0.0) has area 253.00000000000244
2017-11-12 22:16:51.564 [main] INFO  by.makedon.epam3.action.TriangleAction - triangle (-100.0;-100.0) (0.0;2.0) (3.0;0.0) has perimeter 290.00647246680444
2017-11-12 22:16:51.564 [main] INFO  by.makedon.epam3.action.TriangleAction - triangle (-1.0;0.0) (25.0;25.0) (1.0;4.0) has area 27.000000000000064
2017-11-12 22:16:51.564 [main] INFO  by.makedon.epam3.action.TriangleAction - triangle (-1.0;0.0) (25.0;25.0) (1.0;4.0) has perimeter 72.43195098694639
2017-11-12 22:16:51.565 [main] INFO  by.makedon.epam3.action.TriangleAction - triangle (1.0;0.0) (1.0;4.0) (-42.0;42.0) has area 86.0000000000003
2017-11-12 22:16:51.565 [main] INFO  by.makedon.epam3.action.TriangleAction - triangle (1.0;0.0) (1.0;4.0) (-42.0;42.0) has perimeter 121.49290265020917
2017-11-12 22:16:51.565 [main] INFO  by.makedon.epam3.entity.Triangle - (1.0;3.0) (42.0;42.0) (0.0;-1.0) create successfully
2017-11-12 22:16:51.565 [main] INFO  by.makedon.epam3.action.TriangleAction - triangle (1.0;3.0) (42.0;42.0) (0.0;-1.0) has area 62.500000000000114
2017-11-12 22:16:51.565 [main] INFO  by.makedon.epam3.action.TriangleAction - triangle (1.0;3.0) (42.0;42.0) (0.0;-1.0) has perimeter 120.81755873739297
